<?xml version="1.0" encoding="UTF-8"?>
<!-- Generated by org.testng.reporters.JUnitReportReporter -->
<testsuite hostname="soc-5CG21221ZG" failures="0" tests="2" name="TestRunner.TestRunnerMultipleTime$CucumberTest" time="230.244" errors="0" timestamp="2024-10-08T15:06:39 IST" skipped="0">
  <testcase classname="TestRunner.TestRunnerMultipleTime$CucumberTest" name="runScenario" time="116.701"/>
  <testcase classname="TestRunner.TestRunnerMultipleTime$CucumberTest" name="runScenario" time="113.543"/>
</testsuite> <!-- TestRunner.TestRunnerMultipleTime$CucumberTest -->
